Arguments: 
  C:\Program Files (x86)\nodejs\node.exe C:\Users\dinoz\AppData\Roaming\npm\node_modules\yarn\bin\yarn.js add code.js

PATH: 
  C:\Program Files\Git\mingw64\bin;C:\Program Files\Git\usr\bin;C:\Users\dinoz\bin;C:\Python27;C:\Python27\Scripts;C:\Program Files (x86)\Intel\Intel(R) Management Engine Components\iCLS;C:\Program Files\Intel\Intel(R) Management Engine Components\iCLS;C:\Windows\system32;C:\Windows;C:\Windows\System32\Wbem;C:\Windows\System32\WindowsPowerShell\v1.0;C:\Windows\System32\OpenSSH;C:\Program Files (x86)\Intel\Intel(R) Management Engine Components\DAL;C:\Program Files\Intel\Intel(R) Management Engine Components\DAL;C:\Program Files (x86)\Intel\Intel(R) Management Engine Components\IPT;C:\Program Files\Intel\Intel(R) Management Engine Components\IPT;C:\Program Files (x86)\NVIDIA Corporation\PhysX\Common;C:\Program Files\NVIDIA Corporation\NVIDIA NvDLISR;C:\ProgramData\chocolatey\bin;C:\Program Files\Git\cmd;C:\Program Files (x86)\nodejs;C:\Users\dinoz\AppData\Local\Microsoft\WindowsApps;C:\Users\dinoz\AppData\Local\Programs\Microsoft VS Code\bin;C:\Users\dinoz\AppData\Roaming\npm;C:\Users\dinoz\AppData\Local\Programs\Fiddler

Yarn version: 
  1.17.3

Node version: 
  12.13.0

Platform: 
  win32 x64

Trace: 
  Error: https://registry.yarnpkg.com/code.js: Not found
      at Request.params.callback [as _callback] (C:\Users\dinoz\AppData\Roaming\npm\node_modules\yarn\lib\cli.js:66830:18)
      at Request.self.callback (C:\Users\dinoz\AppData\Roaming\npm\node_modules\yarn\lib\cli.js:140464:22)
      at Request.emit (events.js:210:5)
      at Request.<anonymous> (C:\Users\dinoz\AppData\Roaming\npm\node_modules\yarn\lib\cli.js:141436:10)
      at Request.emit (events.js:210:5)
      at IncomingMessage.<anonymous> (C:\Users\dinoz\AppData\Roaming\npm\node_modules\yarn\lib\cli.js:141358:12)
      at Object.onceWrapper (events.js:299:28)
      at IncomingMessage.emit (events.js:215:7)
      at endReadableNT (_stream_readable.js:1183:12)
      at processTicksAndRejections (internal/process/task_queues.js:80:21)

npm manifest: 
  No manifest

yarn manifest: 
  No manifest

Lockfile: 
  No lockfile
